<?xml version="1.0" encoding="UTF-8"?>
<!-- Generated by org.testng.reporters.JUnitXMLReporter -->
<testsuite hostname="xyz-PC" ignored="0" name="Test" tests="3" failures="1" timestamp="14 Jul 2021 16:03:21 GMT" time="69.942" errors="0">
  <testcase name="loginPageTest" time="0.476" classname="com.test.OrangeHRMTest"/>
  <testcase name="loginTest" time="3.773" classname="com.test.OrangeHRMTest">
    <failure type="java.lang.AssertionError" message="expected [OrangeHRM1] but found [OrangeHRM]">
      <![CDATA[java.lang.AssertionError: expected [OrangeHRM1] but found [OrangeHRM]
at com.test.OrangeHRMTest.loginTest(OrangeHRMTest.java:30)
... Removed 31 stack frames]]>
    </failure>
  </testcase> <!-- loginTest -->
  <testcase name="sampleCase" time="0.011" classname="com.test.OrangeHRMTest"/>
</testsuite> <!-- Test -->
